# JRE version: Java(TM) SE Runtime Environment (8.0_111-b14) (build 1.8.0_111-b14)
# Java VM: Java HotSpot(TM) 64-Bit Server VM (25.111-b14 mixed mode windows-amd64 compressed oops)
Heap:
 PSYoungGen      total 63488K, used 38260K [0x00000000d5d00000, 0x00000000dc680000, 0x0000000100000000)
  eden space 29184K, 51% used [0x00000000d5d00000,0x00000000d6bcc8a8,0x00000000d7980000)
  from space 34304K, 67% used [0x00000000d9e80000,0x00000000db510a30,0x00000000dc000000)
  to   space 37888K, 0% used [0x00000000d7980000,0x00000000d7980000,0x00000000d9e80000)
 ParOldGen       total 75776K, used 12604K [0x0000000081600000, 0x0000000086000000, 0x00000000d5d00000)
  object space 75776K, 16% used [0x0000000081600000,0x000000008224f3a0,0x0000000086000000)
 Metaspace       used 21060K, capacity 21296K, committed 21760K, reserved 1069056K
  class space    used 2684K, capacity 2742K, committed 2816K, reserved 1048576K
GC Heap History (10 events):
Event: 3551.593 GC heap before
{Heap before GC invocations=3 (full 0):
 PSYoungGen      total 38400K, used 32714K [0x00000000d5d00000, 0x00000000d8780000, 0x0000000100000000)
  eden space 33280K, 82% used [0x00000000d5d00000,0x00000000d77f76a0,0x00000000d7d80000)
  from space 5120K, 99% used [0x00000000d8280000,0x00000000d877b530,0x00000000d8780000)
  to   space 5120K, 0% used [0x00000000d7d80000,0x00000000d7d80000,0x00000000d8280000)
 ParOldGen       total 87552K, used 33143K [0x0000000081600000, 0x0000000086b80000, 0x00000000d5d00000)
  object space 87552K, 37% used [0x0000000081600000,0x000000008365dc00,0x0000000086b80000)
 Metaspace       used 20706K, capacity 20920K, committed 21248K, reserved 1067008K
  class space    used 2686K, capacity 2746K, committed 2816K, reserved 1048576K
Event: 3551.599 GC heap after
Heap after GC invocations=3 (full 0):
 PSYoungGen      total 38400K, used 4653K [0x00000000d5d00000, 0x00000000d8780000, 0x0000000100000000)
  eden space 33280K, 0% used [0x00000000d5d00000,0x00000000d5d00000,0x00000000d7d80000)
  from space 5120K, 90% used [0x00000000d7d80000,0x00000000d820b510,0x00000000d8280000)
  to   space 5120K, 0% used [0x00000000d8280000,0x00000000d8280000,0x00000000d8780000)
 ParOldGen       total 87552K, used 33151K [0x0000000081600000, 0x0000000086b80000, 0x00000000d5d00000)
  object space 87552K, 37% used [0x0000000081600000,0x000000008365fc00,0x0000000086b80000)
 Metaspace       used 20706K, capacity 20920K, committed 21248K, reserved 1067008K
  class space    used 2686K, capacity 2746K, committed 2816K, reserved 1048576K
}
Event: 3551.599 GC heap before
{Heap before GC invocations=4 (full 1):
 PSYoungGen      total 38400K, used 4653K [0x00000000d5d00000, 0x00000000d8780000, 0x0000000100000000)
  eden space 33280K, 0% used [0x00000000d5d00000,0x00000000d5d00000,0x00000000d7d80000)
  from space 5120K, 90% used [0x00000000d7d80000,0x00000000d820b510,0x00000000d8280000)
  to   space 5120K, 0% used [0x00000000d8280000,0x00000000d8280000,0x00000000d8780000)
 ParOldGen       total 87552K, used 33151K [0x0000000081600000, 0x0000000086b80000, 0x00000000d5d00000)
  object space 87552K, 37% used [0x0000000081600000,0x000000008365fc00,0x0000000086b80000)
 Metaspace       used 20706K, capacity 20920K, committed 21248K, reserved 1067008K
  class space    used 2686K, capacity 2746K, committed 2816K, reserved 1048576K
Event: 3551.634 GC heap after
Heap after GC invocations=4 (full 1):
 PSYoungGen      total 38400K, used 0K [0x00000000d5d00000, 0x00000000d8780000, 0x0000000100000000)
  eden space 33280K, 0% used [0x00000000d5d00000,0x00000000d5d00000,0x00000000d7d80000)
  from space 5120K, 0% used [0x00000000d7d80000,0x00000000d7d80000,0x00000000d8280000)
  to   space 5120K, 0% used [0x00000000d8280000,0x00000000d8280000,0x00000000d8780000)
 ParOldGen       total 75776K, used 12588K [0x0000000081600000, 0x0000000086000000, 0x00000000d5d00000)
  object space 75776K, 16% used [0x0000000081600000,0x000000008224b3a0,0x0000000086000000)
 Metaspace       used 20695K, capacity 20902K, committed 21248K, reserved 1067008K
  class space    used 2682K, capacity 2739K, committed 2816K, reserved 1048576K
}
Event: 3553.317 GC heap before
{Heap before GC invocations=5 (full 1):
 PSYoungGen      total 38400K, used 33280K [0x00000000d5d00000, 0x00000000d8780000, 0x0000000100000000)
  eden space 33280K, 100% used [0x00000000d5d00000,0x00000000d7d80000,0x00000000d7d80000)
  from space 5120K, 0% used [0x00000000d7d80000,0x00000000d7d80000,0x00000000d8280000)
  to   space 5120K, 0% used [0x00000000d8280000,0x00000000d8280000,0x00000000d8780000)
 ParOldGen       total 75776K, used 12588K [0x0000000081600000, 0x0000000086000000, 0x00000000d5d00000)
  object space 75776K, 16% used [0x0000000081600000,0x000000008224b3a0,0x0000000086000000)
 Metaspace       used 20878K, capacity 21094K, committed 21504K, reserved 1069056K
  class space    used 2682K, capacity 2739K, committed 2816K, reserved 1048576K
Event: 3553.318 GC heap after
Heap after GC invocations=5 (full 1):
 PSYoungGen      total 38400K, used 288K [0x00000000d5d00000, 0x00000000d8780000, 0x0000000100000000)
  eden space 33280K, 0% used [0x00000000d5d00000,0x00000000d5d00000,0x00000000d7d80000)
  from space 5120K, 5% used [0x00000000d8280000,0x00000000d82c8000,0x00000000d8780000)
  to   space 5120K, 0% used [0x00000000d7d80000,0x00000000d7d80000,0x00000000d8280000)
 ParOldGen       total 75776K, used 12596K [0x0000000081600000, 0x0000000086000000, 0x00000000d5d00000)
  object space 75776K, 16% used [0x0000000081600000,0x000000008224d3a0,0x0000000086000000)
 Metaspace       used 20878K, capacity 21094K, committed 21504K, reserved 1069056K
  class space    used 2682K, capacity 2739K, committed 2816K, reserved 1048576K
}
Event: 3554.560 GC heap before
{Heap before GC invocations=6 (full 1):
 PSYoungGen      total 38400K, used 33568K [0x00000000d5d00000, 0x00000000d8780000, 0x0000000100000000)
  eden space 33280K, 100% used [0x00000000d5d00000,0x00000000d7d80000,0x00000000d7d80000)
  from space 5120K, 5% used [0x00000000d8280000,0x00000000d82c8000,0x00000000d8780000)
  to   space 5120K, 0% used [0x00000000d7d80000,0x00000000d7d80000,0x00000000d8280000)
 ParOldGen       total 75776K, used 12596K [0x0000000081600000, 0x0000000086000000, 0x00000000d5d00000)
  object space 75776K, 16% used [0x0000000081600000,0x000000008224d3a0,0x0000000086000000)
 Metaspace       used 20988K, capacity 21222K, committed 21760K, reserved 1069056K
  class space    used 2682K, capacity 2739K, committed 2816K, reserved 1048576K
Event: 3554.561 GC heap after
Heap after GC invocations=6 (full 1):
 PSYoungGen      total 37888K, used 224K [0x00000000d5d00000, 0x00000000dc000000, 0x0000000100000000)
  eden space 32768K, 0% used [0x00000000d5d00000,0x00000000d5d00000,0x00000000d7d00000)
  from space 5120K, 4% used [0x00000000d7d80000,0x00000000d7db8000,0x00000000d8280000)
  to   space 34304K, 0% used [0x00000000d9e80000,0x00000000d9e80000,0x00000000dc000000)
 ParOldGen       total 75776K, used 12604K [0x0000000081600000, 0x0000000086000000, 0x00000000d5d00000)
  object space 75776K, 16% used [0x0000000081600000,0x000000008224f3a0,0x0000000086000000)
 Metaspace       used 20988K, capacity 21222K, committed 21760K, reserved 1069056K
  class space    used 2682K, capacity 2739K, committed 2816K, reserved 1048576K
}
Event: 4580.623 GC heap before
{Heap before GC invocations=7 (full 1):
 PSYoungGen      total 37888K, used 32992K [0x00000000d5d00000, 0x00000000dc000000, 0x0000000100000000)
  eden space 32768K, 100% used [0x00000000d5d00000,0x00000000d7d00000,0x00000000d7d00000)
  from space 5120K, 4% used [0x00000000d7d80000,0x00000000d7db8000,0x00000000d8280000)
  to   space 34304K, 0% used [0x00000000d9e80000,0x00000000d9e80000,0x00000000dc000000)
 ParOldGen       total 75776K, used 12604K [0x0000000081600000, 0x0000000086000000, 0x00000000d5d00000)
  object space 75776K, 16% used [0x0000000081600000,0x000000008224f3a0,0x0000000086000000)
 Metaspace       used 21044K, capacity 21286K, committed 21760K, reserved 1069056K
  class space    used 2682K, capacity 2739K, committed 2816K, reserved 1048576K
Event: 4580.629 GC heap after
Heap after GC invocations=7 (full 1):
 PSYoungGen      total 63488K, used 23106K [0x00000000d5d00000, 0x00000000dc680000, 0x0000000100000000)
  eden space 29184K, 0% used [0x00000000d5d00000,0x00000000d5d00000,0x00000000d7980000)
  from space 34304K, 67% used [0x00000000d9e80000,0x00000000db510a30,0x00000000dc000000)
  to   space 37888K, 0% used [0x00000000d7980000,0x00000000d7980000,0x00000000d9e80000)
 ParOldGen       total 75776K, used 12604K [0x0000000081600000, 0x0000000086000000, 0x00000000d5d00000)
  object space 75776K, 16% used [0x0000000081600000,0x000000008224f3a0,0x0000000086000000)
 Metaspace       used 21044K, capacity 21286K, committed 21760K, reserved 1069056K
  class space    used 2682K, capacity 2739K, committed 2816K, reserved 1048576K
}

