# JRE version: Java(TM) SE Runtime Environment (8.0_111-b14) (build 1.8.0_111-b14)
# Java VM: Java HotSpot(TM) 64-Bit Server VM (25.111-b14 mixed mode windows-amd64 compressed oops)
Heap:
 PSYoungGen      total 38400K, used 18445K [0x00000000d5d00000, 0x00000000d8780000, 0x0000000100000000)
  eden space 33280K, 54% used [0x00000000d5d00000,0x00000000d6e9b628,0x00000000d7d80000)
  from space 5120K, 8% used [0x00000000d8280000,0x00000000d82e8000,0x00000000d8780000)
  to   space 5120K, 0% used [0x00000000d7d80000,0x00000000d7d80000,0x00000000d8280000)
 ParOldGen       total 55296K, used 12596K [0x0000000081600000, 0x0000000084c00000, 0x00000000d5d00000)
  object space 55296K, 22% used [0x0000000081600000,0x000000008224d128,0x0000000084c00000)
 Metaspace       used 21164K, capacity 21430K, committed 21760K, reserved 1069056K
  class space    used 2650K, capacity 2747K, committed 2816K, reserved 1048576K
GC Heap History (10 events):
Event: 28.972 GC heap before
{Heap before GC invocations=1 (full 0):
 PSYoungGen      total 38400K, used 33280K [0x00000000d5d00000, 0x00000000d8780000, 0x0000000100000000)
  eden space 33280K, 100% used [0x00000000d5d00000,0x00000000d7d80000,0x00000000d7d80000)
  from space 5120K, 0% used [0x00000000d8280000,0x00000000d8280000,0x00000000d8780000)
  to   space 5120K, 0% used [0x00000000d7d80000,0x00000000d7d80000,0x00000000d8280000)
 ParOldGen       total 87552K, used 0K [0x0000000081600000, 0x0000000086b80000, 0x00000000d5d00000)
  object space 87552K, 0% used [0x0000000081600000,0x0000000081600000,0x0000000086b80000)
 Metaspace       used 18153K, capacity 18418K, committed 18688K, reserved 1064960K
  class space    used 2373K, capacity 2447K, committed 2560K, reserved 1048576K
Event: 28.981 GC heap after
Heap after GC invocations=1 (full 0):
 PSYoungGen      total 38400K, used 5103K [0x00000000d5d00000, 0x00000000d8780000, 0x0000000100000000)
  eden space 33280K, 0% used [0x00000000d5d00000,0x00000000d5d00000,0x00000000d7d80000)
  from space 5120K, 99% used [0x00000000d7d80000,0x00000000d827bd70,0x00000000d8280000)
  to   space 5120K, 0% used [0x00000000d8280000,0x00000000d8280000,0x00000000d8780000)
 ParOldGen       total 87552K, used 7935K [0x0000000081600000, 0x0000000086b80000, 0x00000000d5d00000)
  object space 87552K, 9% used [0x0000000081600000,0x0000000081dbfd70,0x0000000086b80000)
 Metaspace       used 18153K, capacity 18418K, committed 18688K, reserved 1064960K
  class space    used 2373K, capacity 2447K, committed 2560K, reserved 1048576K
}
Event: 37.951 GC heap before
{Heap before GC invocations=2 (full 0):
 PSYoungGen      total 38400K, used 38383K [0x00000000d5d00000, 0x00000000d8780000, 0x0000000100000000)
  eden space 33280K, 100% used [0x00000000d5d00000,0x00000000d7d80000,0x00000000d7d80000)
  from space 5120K, 99% used [0x00000000d7d80000,0x00000000d827bd70,0x00000000d8280000)
  to   space 5120K, 0% used [0x00000000d8280000,0x00000000d8280000,0x00000000d8780000)
 ParOldGen       total 87552K, used 7935K [0x0000000081600000, 0x0000000086b80000, 0x00000000d5d00000)
  object space 87552K, 9% used [0x0000000081600000,0x0000000081dbfd70,0x0000000086b80000)
 Metaspace       used 20608K, capacity 20910K, committed 21248K, reserved 1067008K
  class space    used 2647K, capacity 2747K, committed 2816K, reserved 1048576K
Event: 37.973 GC heap after
Heap after GC invocations=2 (full 0):
 PSYoungGen      total 38400K, used 5106K [0x00000000d5d00000, 0x00000000d8780000, 0x0000000100000000)
  eden space 33280K, 0% used [0x00000000d5d00000,0x00000000d5d00000,0x00000000d7d80000)
  from space 5120K, 99% used [0x00000000d8280000,0x00000000d877cb08,0x00000000d8780000)
  to   space 5120K, 0% used [0x00000000d7d80000,0x00000000d7d80000,0x00000000d8280000)
 ParOldGen       total 87552K, used 8338K [0x0000000081600000, 0x0000000086b80000, 0x00000000d5d00000)
  object space 87552K, 9% used [0x0000000081600000,0x0000000081e24af8,0x0000000086b80000)
 Metaspace       used 20608K, capacity 20910K, committed 21248K, reserved 1067008K
  class space    used 2647K, capacity 2747K, committed 2816K, reserved 1048576K
}
Event: 39.042 GC heap before
{Heap before GC invocations=3 (full 0):
 PSYoungGen      total 38400K, used 26526K [0x00000000d5d00000, 0x00000000d8780000, 0x0000000100000000)
  eden space 33280K, 64% used [0x00000000d5d00000,0x00000000d71ead40,0x00000000d7d80000)
  from space 5120K, 99% used [0x00000000d8280000,0x00000000d877cb08,0x00000000d8780000)
  to   space 5120K, 0% used [0x00000000d7d80000,0x00000000d7d80000,0x00000000d8280000)
 ParOldGen       total 87552K, used 8338K [0x0000000081600000, 0x0000000086b80000, 0x00000000d5d00000)
  object space 87552K, 9% used [0x0000000081600000,0x0000000081e24af8,0x0000000086b80000)
 Metaspace       used 20744K, capacity 20974K, committed 21248K, reserved 1067008K
  class space    used 2647K, capacity 2747K, committed 2816K, reserved 1048576K
Event: 39.048 GC heap after
Heap after GC invocations=3 (full 0):
 PSYoungGen      total 38400K, used 5058K [0x00000000d5d00000, 0x00000000d8780000, 0x0000000100000000)
  eden space 33280K, 0% used [0x00000000d5d00000,0x00000000d5d00000,0x00000000d7d80000)
  from space 5120K, 98% used [0x00000000d7d80000,0x00000000d8270b18,0x00000000d8280000)
  to   space 5120K, 0% used [0x00000000d8280000,0x00000000d8280000,0x00000000d8780000)
 ParOldGen       total 87552K, used 8346K [0x0000000081600000, 0x0000000086b80000, 0x00000000d5d00000)
  object space 87552K, 9% used [0x0000000081600000,0x0000000081e26af8,0x0000000086b80000)
 Metaspace       used 20744K, capacity 20974K, committed 21248K, reserved 1067008K
  class space    used 2647K, capacity 2747K, committed 2816K, reserved 1048576K
}
Event: 39.048 GC heap before
{Heap before GC invocations=4 (full 1):
 PSYoungGen      total 38400K, used 5058K [0x00000000d5d00000, 0x00000000d8780000, 0x0000000100000000)
  eden space 33280K, 0% used [0x00000000d5d00000,0x00000000d5d00000,0x00000000d7d80000)
  from space 5120K, 98% used [0x00000000d7d80000,0x00000000d8270b18,0x00000000d8280000)
  to   space 5120K, 0% used [0x00000000d8280000,0x00000000d8280000,0x00000000d8780000)
 ParOldGen       total 87552K, used 8346K [0x0000000081600000, 0x0000000086b80000, 0x00000000d5d00000)
  object space 87552K, 9% used [0x0000000081600000,0x0000000081e26af8,0x0000000086b80000)
 Metaspace       used 20744K, capacity 20974K, committed 21248K, reserved 1067008K
  class space    used 2647K, capacity 2747K, committed 2816K, reserved 1048576K
Event: 39.085 GC heap after
Heap after GC invocations=4 (full 1):
 PSYoungGen      total 38400K, used 0K [0x00000000d5d00000, 0x00000000d8780000, 0x0000000100000000)
  eden space 33280K, 0% used [0x00000000d5d00000,0x00000000d5d00000,0x00000000d7d80000)
  from space 5120K, 0% used [0x00000000d7d80000,0x00000000d7d80000,0x00000000d8280000)
  to   space 5120K, 0% used [0x00000000d8280000,0x00000000d8280000,0x00000000d8780000)
 ParOldGen       total 55296K, used 12588K [0x0000000081600000, 0x0000000084c00000, 0x00000000d5d00000)
  object space 55296K, 22% used [0x0000000081600000,0x000000008224b128,0x0000000084c00000)
 Metaspace       used 20744K, capacity 20974K, committed 21248K, reserved 1067008K
  class space    used 2647K, capacity 2747K, committed 2816K, reserved 1048576K
}
Event: 280.376 GC heap before
{Heap before GC invocations=5 (full 1):
 PSYoungGen      total 38400K, used 33280K [0x00000000d5d00000, 0x00000000d8780000, 0x0000000100000000)
  eden space 33280K, 100% used [0x00000000d5d00000,0x00000000d7d80000,0x00000000d7d80000)
  from space 5120K, 0% used [0x00000000d7d80000,0x00000000d7d80000,0x00000000d8280000)
  to   space 5120K, 0% used [0x00000000d8280000,0x00000000d8280000,0x00000000d8780000)
 ParOldGen       total 55296K, used 12588K [0x0000000081600000, 0x0000000084c00000, 0x00000000d5d00000)
  object space 55296K, 22% used [0x0000000081600000,0x000000008224b128,0x0000000084c00000)
 Metaspace       used 21121K, capacity 21366K, committed 21760K, reserved 1069056K
  class space    used 2648K, capacity 2747K, committed 2816K, reserved 1048576K
Event: 280.378 GC heap after
Heap after GC invocations=5 (full 1):
 PSYoungGen      total 38400K, used 416K [0x00000000d5d00000, 0x00000000d8780000, 0x0000000100000000)
  eden space 33280K, 0% used [0x00000000d5d00000,0x00000000d5d00000,0x00000000d7d80000)
  from space 5120K, 8% used [0x00000000d8280000,0x00000000d82e8000,0x00000000d8780000)
  to   space 5120K, 0% used [0x00000000d7d80000,0x00000000d7d80000,0x00000000d8280000)
 ParOldGen       total 55296K, used 12596K [0x0000000081600000, 0x0000000084c00000, 0x00000000d5d00000)
  object space 55296K, 22% used [0x0000000081600000,0x000000008224d128,0x0000000084c00000)
 Metaspace       used 21121K, capacity 21366K, committed 21760K, reserved 1069056K
  class space    used 2648K, capacity 2747K, committed 2816K, reserved 1048576K
}

